[debug] [2024-01-14T20:51:12.422Z] ----------------------------------------------------------------------
[debug] [2024-01-14T20:51:12.425Z] Command:       F:\nodejs\node.exe C:\Users\ANUSHKA\AppData\Roaming\npm\node_modules\firebase-tools\lib\bin\firebase.js init
[debug] [2024-01-14T20:51:12.426Z] CLI Version:   13.0.3
[debug] [2024-01-14T20:51:12.426Z] Platform:      win32
[debug] [2024-01-14T20:51:12.426Z] Node Version:  v20.11.0
[debug] [2024-01-14T20:51:12.426Z] Time:          Mon Jan 15 2024 02:21:12 GMT+0530 (India Standard Time)
[debug] [2024-01-14T20:51:12.426Z] ----------------------------------------------------------------------
[debug] 
[debug] [2024-01-14T20:51:12.431Z] > command requires scopes: ["email","openid","https://www.googleapis.com/auth/cloudplatformprojects.readonly","https://www.googleapis.com/auth/firebase","https://www.googleapis.com/auth/cloud-platform"]
[debug] [2024-01-14T20:51:12.432Z] > authorizing via signed-in user (anushkaudayanga2200@gmail.com)
[info] 
     ######## #### ########  ######## ########     ###     ######  ########
     ##        ##  ##     ## ##       ##     ##  ##   ##  ##       ##
     ######    ##  ########  ######   ########  #########  ######  ######
     ##        ##  ##    ##  ##       ##     ## ##     ##       ## ##
     ##       #### ##     ## ######## ########  ##     ##  ######  ########

You're about to initialize a Firebase project in this directory:

  C:\Users\ANUSHKA\AnuU00.github.io

[info] 
=== Project Setup
[info] 
[info] First, let's associate this project directory with a Firebase project.
[info] You can create multiple project aliases by running firebase use --add, 
[info] but for now we'll just set up a default project.
[info] 
[debug] [2024-01-14T20:52:18.307Z] ----------------------------------------------------------------------
[debug] [2024-01-14T20:52:18.310Z] Command:       F:\nodejs\node.exe C:\Users\ANUSHKA\AppData\Roaming\npm\node_modules\firebase-tools\lib\bin\firebase.js init
[debug] [2024-01-14T20:52:18.310Z] CLI Version:   13.0.3
[debug] [2024-01-14T20:52:18.310Z] Platform:      win32
[debug] [2024-01-14T20:52:18.310Z] Node Version:  v20.11.0
[debug] [2024-01-14T20:52:18.311Z] Time:          Mon Jan 15 2024 02:22:18 GMT+0530 (India Standard Time)
[debug] [2024-01-14T20:52:18.311Z] ----------------------------------------------------------------------
[debug] 
[debug] [2024-01-14T20:52:18.316Z] > command requires scopes: ["email","openid","https://www.googleapis.com/auth/cloudplatformprojects.readonly","https://www.googleapis.com/auth/firebase","https://www.googleapis.com/auth/cloud-platform"]
[debug] [2024-01-14T20:52:18.316Z] > authorizing via signed-in user (anushkaudayanga2200@gmail.com)
[info] 
     ######## #### ########  ######## ########     ###     ######  ########
     ##        ##  ##     ## ##       ##     ##  ##   ##  ##       ##
     ######    ##  ########  ######   ########  #########  ######  ######
     ##        ##  ##    ##  ##       ##     ## ##     ##       ## ##
     ##       #### ##     ## ######## ########  ##     ##  ######  ########

You're about to initialize a Firebase project in this directory:

  C:\Users\ANUSHKA\AnuU00.github.io

[info] 
=== Project Setup
[info] 
[info] First, let's associate this project directory with a Firebase project.
[info] You can create multiple project aliases by running firebase use --add, 
[info] but for now we'll just set up a default project.
[info] 
[info] i  If you want to create a project in a Google Cloud organization or folder, please use "firebase projects:create" instead, and return to this command when you've created the project. 
